This is pdfTeX, Version 3.1415926-2.5-1.40.14 (MiKTeX 2.9) (preloaded format=pdflatex 2015.4.17)  20 NOV 2015 21:14
entering extended mode
**document.tex
(C:\Users\Live\Desktop\Eclipse\sCerattiTGSI\document.tex
LaTeX2e <2011/06/27>
Babel <v3.8m> and hyphenation patterns for english, afrikaans, ancientgreek, ar
abic, armenian, assamese, basque, bengali, bokmal, bulgarian, catalan, coptic, 
croatian, czech, danish, dutch, esperanto, estonian, farsi, finnish, french, ga
lician, german, german-x-2013-05-26, greek, gujarati, hindi, hungarian, iceland
ic, indonesian, interlingua, irish, italian, kannada, kurmanji, latin, latvian,
 lithuanian, malayalam, marathi, mongolian, mongolianlmc, monogreek, ngerman, n
german-x-2013-05-26, nynorsk, oriya, panjabi, pinyin, polish, portuguese, roman
ian, russian, sanskrit, serbian, slovak, slovenian, spanish, swedish, swissgerm
an, tamil, telugu, turkish, turkmen, ukenglish, ukrainian, uppersorbian, usengl
ishmax, welsh, loaded.
("C:\Program Files\MiKTeX 2.9\tex\latex\base\article.cls"
Document Class: article 2007/10/19 v1.4h Standard LaTeX document class
("C:\Program Files\MiKTeX 2.9\tex\latex\base\size12.clo"
File: size12.clo 2007/10/19 v1.4h Standard LaTeX file (size option)
)
\c@part=\count79
\c@section=\count80
\c@subsection=\count81
\c@subsubsection=\count82
\c@paragraph=\count83
\c@subparagraph=\count84
\c@figure=\count85
\c@table=\count86
\abovecaptionskip=\skip41
\belowcaptionskip=\skip42
\bibindent=\dimen102
)
("C:\Program Files\MiKTeX 2.9\tex\latex\graphics\graphicx.sty"
Package: graphicx 1999/02/16 v1.0f Enhanced LaTeX Graphics (DPC,SPQR)

("C:\Program Files\MiKTeX 2.9\tex\latex\graphics\keyval.sty"
Package: keyval 1999/03/16 v1.13 key=value parser (DPC)
\KV@toks@=\toks14
)
("C:\Program Files\MiKTeX 2.9\tex\latex\graphics\graphics.sty"
Package: graphics 2009/02/05 v1.0o Standard LaTeX Graphics (DPC,SPQR)

("C:\Program Files\MiKTeX 2.9\tex\latex\graphics\trig.sty"
Package: trig 1999/03/16 v1.09 sin cos tan (DPC)
)
("C:\Program Files\MiKTeX 2.9\tex\latex\00miktex\graphics.cfg"
File: graphics.cfg 2007/01/18 v1.5 graphics configuration of teTeX/TeXLive
)
Package graphics Info: Driver file: pdftex.def on input line 91.

("C:\Program Files\MiKTeX 2.9\tex\latex\pdftex-def\pdftex.def"
File: pdftex.def 2011/05/27 v0.06d Graphics/color for pdfTeX

("C:\Program Files\MiKTeX 2.9\tex\generic\oberdiek\infwarerr.sty"
Package: infwarerr 2010/04/08 v1.3 Providing info/warning/error messages (HO)
)
("C:\Program Files\MiKTeX 2.9\tex\generic\oberdiek\ltxcmds.sty"
Package: ltxcmds 2011/11/09 v1.22 LaTeX kernel commands for general use (HO)
)
\Gread@gobject=\count87
))
\Gin@req@height=\dimen103
\Gin@req@width=\dimen104
)
("C:\Program Files\MiKTeX 2.9\tex\latex\url\url.sty"
\Urlmuskip=\muskip10
Package: url 2013/09/16  ver 3.4  Verb mode for urls, etc.
)
("C:\Program Files\MiKTeX 2.9\tex\latex\hyperref\hyperref.sty"
Package: hyperref 2012/11/06 v6.83m Hypertext links for LaTeX

("C:\Program Files\MiKTeX 2.9\tex\generic\oberdiek\hobsub-hyperref.sty"
Package: hobsub-hyperref 2012/04/25 v1.12 Bundle oberdiek, subset hyperref (HO)


("C:\Program Files\MiKTeX 2.9\tex\generic\oberdiek\hobsub-generic.sty"
Package: hobsub-generic 2012/04/25 v1.12 Bundle oberdiek, subset generic (HO)
Package: hobsub 2012/04/25 v1.12 Construct package bundles (HO)
Package hobsub Info: Skipping package `infwarerr' (already loaded).
Package hobsub Info: Skipping package `ltxcmds' (already loaded).
Package: ifluatex 2010/03/01 v1.3 Provides the ifluatex switch (HO)
Package ifluatex Info: LuaTeX not detected.
Package: ifvtex 2010/03/01 v1.5 Detect VTeX and its facilities (HO)
Package ifvtex Info: VTeX not detected.
Package: intcalc 2007/09/27 v1.1 Expandable calculations with integers (HO)
Package: ifpdf 2011/01/30 v2.3 Provides the ifpdf switch (HO)
Package ifpdf Info: pdfTeX in PDF mode is detected.
Package: etexcmds 2011/02/16 v1.5 Avoid name clashes with e-TeX commands (HO)
Package etexcmds Info: Could not find \expanded.
(etexcmds)             That can mean that you are not using pdfTeX 1.50 or
(etexcmds)             that some package has redefined \expanded.
(etexcmds)             In the latter case, load this package earlier.
Package: kvsetkeys 2012/04/25 v1.16 Key value parser (HO)
Package: kvdefinekeys 2011/04/07 v1.3 Define keys (HO)
Package: pdftexcmds 2011/11/29 v0.20 Utility functions of pdfTeX for LuaTeX (HO
)
Package pdftexcmds Info: LuaTeX not detected.
Package pdftexcmds Info: \pdf@primitive is available.
Package pdftexcmds Info: \pdf@ifprimitive is available.
Package pdftexcmds Info: \pdfdraftmode found.
Package: pdfescape 2011/11/25 v1.13 Implements pdfTeX's escape features (HO)
Package: bigintcalc 2012/04/08 v1.3 Expandable calculations on big integers (HO
)
Package: bitset 2011/01/30 v1.1 Handle bit-vector datatype (HO)
Package: uniquecounter 2011/01/30 v1.2 Provide unlimited unique counter (HO)
)
Package hobsub Info: Skipping package `hobsub' (already loaded).
Package: letltxmacro 2010/09/02 v1.4 Let assignment for LaTeX macros (HO)
Package: hopatch 2011/06/24 v1.1 Wrapper for package hooks (HO)
Package: xcolor-patch 2011/01/30 xcolor patch
Package: atveryend 2011/06/30 v1.8 Hooks at the very end of document (HO)
Package atveryend Info: \enddocument detected (standard20110627).
Package: atbegshi 2011/10/05 v1.16 At begin shipout hook (HO)
Package: refcount 2011/10/16 v3.4 Data extraction from label references (HO)
Package: hycolor 2011/01/30 v1.7 Color options for hyperref/bookmark (HO)
)
("C:\Program Files\MiKTeX 2.9\tex\generic\ifxetex\ifxetex.sty"
Package: ifxetex 2010/09/12 v0.6 Provides ifxetex conditional
)
("C:\Program Files\MiKTeX 2.9\tex\latex\oberdiek\auxhook.sty"
Package: auxhook 2011/03/04 v1.3 Hooks for auxiliary files (HO)
)
("C:\Program Files\MiKTeX 2.9\tex\latex\oberdiek\kvoptions.sty"
Package: kvoptions 2011/06/30 v3.11 Key value format for package options (HO)
)
\@linkdim=\dimen105
\Hy@linkcounter=\count88
\Hy@pagecounter=\count89

("C:\Program Files\MiKTeX 2.9\tex\latex\hyperref\pd1enc.def"
File: pd1enc.def 2012/11/06 v6.83m Hyperref: PDFDocEncoding definition (HO)
)
\Hy@SavedSpaceFactor=\count90

("C:\Program Files\MiKTeX 2.9\tex\latex\00miktex\hyperref.cfg"
File: hyperref.cfg 2002/06/06 v1.2 hyperref configuration of TeXLive
)
Package hyperref Info: Hyper figures OFF on input line 4443.
Package hyperref Info: Link nesting OFF on input line 4448.
Package hyperref Info: Hyper index ON on input line 4451.
Package hyperref Info: Plain pages OFF on input line 4458.
Package hyperref Info: Backreferencing OFF on input line 4463.
Package hyperref Info: Implicit mode ON; LaTeX internals redefined.
Package hyperref Info: Bookmarks ON on input line 4688.
\c@Hy@tempcnt=\count91
LaTeX Info: Redefining \url on input line 5041.
\XeTeXLinkMargin=\dimen106
\Fld@menulength=\count92
\Field@Width=\dimen107
\Fld@charsize=\dimen108
Package hyperref Info: Hyper figures OFF on input line 6295.
Package hyperref Info: Link nesting OFF on input line 6300.
Package hyperref Info: Hyper index ON on input line 6303.
Package hyperref Info: backreferencing OFF on input line 6310.
Package hyperref Info: Link coloring OFF on input line 6315.
Package hyperref Info: Link coloring with OCG OFF on input line 6320.
Package hyperref Info: PDF/A mode OFF on input line 6325.
LaTeX Info: Redefining \ref on input line 6365.
LaTeX Info: Redefining \pageref on input line 6369.
\Hy@abspage=\count93
\c@Item=\count94
\c@Hfootnote=\count95
)

Package hyperref Message: Driver (autodetected): hpdftex.

("C:\Program Files\MiKTeX 2.9\tex\latex\hyperref\hpdftex.def"
File: hpdftex.def 2012/11/06 v6.83m Hyperref driver for pdfTeX
\Fld@listcount=\count96
\c@bookmark@seq@number=\count97

("C:\Program Files\MiKTeX 2.9\tex\latex\oberdiek\rerunfilecheck.sty"
Package: rerunfilecheck 2011/04/15 v1.7 Rerun checks for auxiliary files (HO)
Package uniquecounter Info: New unique counter `rerunfilecheck' on input line 2
82.
)
\Hy@SectionHShift=\skip43
)
("C:\Program Files\MiKTeX 2.9\tex\latex\preprint\authblk.sty"
Package: authblk 2001/02/27 1.3 (PWD)
\affilsep=\skip44
\@affilsep=\skip45
\c@Maxaffil=\count98
\c@authors=\count99
\c@affil=\count100
)
("C:\Program Files\MiKTeX 2.9\tex\latex\fancyhdr\fancyhdr.sty"
\fancy@headwidth=\skip46
\f@ncyO@elh=\skip47
\f@ncyO@erh=\skip48
\f@ncyO@olh=\skip49
\f@ncyO@orh=\skip50
\f@ncyO@elf=\skip51
\f@ncyO@erf=\skip52
\f@ncyO@olf=\skip53
\f@ncyO@orf=\skip54
)
("C:\Program Files\MiKTeX 2.9\tex\latex\base\inputenc.sty"
Package: inputenc 2008/03/30 v1.1d Input encoding file
\inpenc@prehook=\toks15
\inpenc@posthook=\toks16

("C:\Program Files\MiKTeX 2.9\tex\latex\base\latin1.def"
File: latin1.def 2008/03/30 v1.1d Input encoding file
))
("C:\Program Files\MiKTeX 2.9\tex\generic\babel\babel.sty"
Package: babel 2008/07/08 v3.8m The Babel package

*************************************
* Local config file bblopts.cfg used
*
("C:\Program Files\MiKTeX 2.9\tex\latex\00miktex\bblopts.cfg"
File: bblopts.cfg 2006/07/31 v1.0 MiKTeX 'babel' configuration
)
("C:\Program Files\MiKTeX 2.9\tex\generic\babel\portuges.ldf"
Language: portuges 2008/03/18 v1.2q Portuguese support from the babel system

("C:\Program Files\MiKTeX 2.9\tex\generic\babel\babel.def"
File: babel.def 2008/07/08 v3.8m Babel common definitions
\babel@savecnt=\count101
\U@D=\dimen109
)
\l@brazil = a dialect from \language\l@portuges 
Package babel Info: Making " an active character on input line 145.
))
("C:\Program Files\MiKTeX 2.9\tex\latex\base\fontenc.sty"
Package: fontenc 2005/09/27 v1.99g Standard LaTeX package

("C:\Program Files\MiKTeX 2.9\tex\latex\base\t1enc.def"
File: t1enc.def 2005/09/27 v1.99g Standard LaTeX file
LaTeX Font Info:    Redeclaring font encoding T1 on input line 43.
))
("C:\Program Files\MiKTeX 2.9\tex\latex\datetime\datetime.sty"
Package: datetime 2013/09/10 v2.59 Date Time Package

("C:\Program Files\MiKTeX 2.9\tex\latex\etoolbox\etoolbox.sty"
Package: etoolbox 2015/03/19 v2.1d e-TeX tools for LaTeX (JAW)

("C:\Program Files\MiKTeX 2.9\tex\latex\misc\etex.sty"
Package: etex 1998/03/26 v2.0 eTeX basic definition package (PEB)
\et@xins=\count102
)
\etb@tempcnta=\count103
)
("C:\Program Files\MiKTeX 2.9\tex\latex\fmtcount\fmtcount.sty"
Package: fmtcount 2014/07/18 v3.00

("C:\Program Files\MiKTeX 2.9\tex\latex\base\ifthen.sty"
Package: ifthen 2001/05/26 v1.1c Standard LaTeX ifthen package (DPC)
)
("C:\Program Files\MiKTeX 2.9\tex\latex\fmtcount\fcprefix.sty"
Package: fcprefix 2012/09/28

("C:\Program Files\MiKTeX 2.9\tex\latex\fmtcount\fcnumparser.sty"
Package: fcnumparser 2012/09/28
\fc@digit@counter=\count104
))
("C:\Program Files\MiKTeX 2.9\tex\latex\amsmath\amsgen.sty"
File: amsgen.sty 1999/11/30 v2.0
\@emptytoks=\toks17
\ex@=\dimen110
)
\c@padzeroesN=\count105
\fc@tmpcatcode=\count106

("C:\Program Files\MiKTeX 2.9\tex\latex\fmtcount\fc-portuges.def"
File: fc-portuges.def 2014/06/09
)
\@DT@modctr=\count107
\@ordinalctr=\count108
\@orgargctr=\count109
\@strctr=\count110
\@tmpstrctr=\count111
\@DT@loopN=\count112
\@DT@X=\count113
)
("C:\Program Files\MiKTeX 2.9\tex\latex\datetime\datetime-defaults.sty"
Package: datetime-defaults 2013/09/10
)
\@day=\count114
\@month=\count115
\@year=\count116
\c@HOUR=\count117
\c@HOURXII=\count118
\c@MINUTE=\count119
\c@TOHOUR=\count120
\c@TOMINUTE=\count121
\c@SECOND=\count122
\currenthour=\count123
\currentminute=\count124
\currentsecond=\count125
Package datetime Info: No datetime.cfg file found, using default settings on in
put line 308.
\@dtctr=\count126
\dayofyear=\count127
\dayofweek=\count128
LaTeX Info: Redefining \today on input line 736.
\dt@a=\toks18
\dt@b=\toks19
)
("C:\Program Files\MiKTeX 2.9\tex\latex\xcolor\xcolor.sty"
Package: xcolor 2007/01/21 v2.11 LaTeX color extensions (UK)

("C:\Program Files\MiKTeX 2.9\tex\latex\00miktex\color.cfg"
File: color.cfg 2007/01/18 v1.5 color configuration of teTeX/TeXLive
)
Package xcolor Info: Driver file: pdftex.def on input line 225.

("C:\Program Files\MiKTeX 2.9\tex\latex\colortbl\colortbl.sty"
Package: colortbl 2012/02/13 v1.0a Color table columns (DPC)

("C:\Program Files\MiKTeX 2.9\tex\latex\tools\array.sty"
Package: array 2008/09/09 v2.4c Tabular extension package (FMi)
\col@sep=\dimen111
\extrarowheight=\dimen112
\NC@list=\toks20
\extratabsurround=\skip55
\backup@length=\skip56
)
\everycr=\toks21
\minrowclearance=\skip57
)
\rownum=\count129
Package xcolor Info: Model `cmy' substituted by `cmy0' on input line 1337.
Package xcolor Info: Model `hsb' substituted by `rgb' on input line 1341.
Package xcolor Info: Model `RGB' extended on input line 1353.
Package xcolor Info: Model `HTML' substituted by `rgb' on input line 1355.
Package xcolor Info: Model `Hsb' substituted by `hsb' on input line 1356.
Package xcolor Info: Model `tHsb' substituted by `hsb' on input line 1357.
Package xcolor Info: Model `HSB' substituted by `hsb' on input line 1358.
Package xcolor Info: Model `Gray' substituted by `gray' on input line 1359.
Package xcolor Info: Model `wave' substituted by `hsb' on input line 1360.
)
("C:\Program Files\MiKTeX 2.9\tex\latex\float\float.sty"
Package: float 2001/11/08 v1.3d Float enhancements (AL)
\c@float@type=\count130
\float@exts=\toks22
\float@box=\box26
\@float@everytoks=\toks23
\@floatcapt=\box27
)
(C:\Users\Live\Desktop\Eclipse\sCerattiTGSI\sbc-template.sty
Package: sbc-template 2001/06/09

("C:\Program Files\MiKTeX 2.9\tex\latex\geometry\geometry.sty"
Package: geometry 2010/09/12 v5.6 Page Geometry
\Gm@cnth=\count131
\Gm@cntv=\count132
\c@Gm@tempcnt=\count133
\Gm@bindingoffset=\dimen113
\Gm@wd@mp=\dimen114
\Gm@odd@mp=\dimen115
\Gm@even@mp=\dimen116
\Gm@layoutwidth=\dimen117
\Gm@layoutheight=\dimen118
\Gm@layouthoffset=\dimen119
\Gm@layoutvoffset=\dimen120
\Gm@dimlist=\toks24

("C:\Program Files\MiKTeX 2.9\tex\latex\geometry\geometry.cfg"))
("C:\Program Files\MiKTeX 2.9\tex\latex\caption\caption2.sty"
Package: caption2 2013/02/03 v2.2-62 Customising captions (AR)


Package caption2 Warning: ****************************************************
(caption2)                THIS PACKAGE IS OBSOLETE:
(caption2)                This package attempts to provide an `caption2'
(caption2)                package v2.0/2.1 author environment so that OLD
(caption2)                documents can be successfully processed. It should
(caption2)                NOT be used for NEW documents! New documents should
(caption2)                use the regular `caption' package v3.x instead.
(caption2)                ****************************************************

("C:\Program Files\MiKTeX 2.9\tex\latex\caption\caption3.sty"
Package: caption3 2013/05/02 v1.6-88 caption3 kernel (AR)
Package caption3 Info: TeX engine: e-TeX on input line 57.
\captionmargin=\dimen121
\captionmargin@=\dimen122
\captionwidth=\dimen123
\caption@tempdima=\dimen124
\caption@indent=\dimen125
\caption@parindent=\dimen126
\caption@hangindent=\dimen127
)
Package caption2 Info: Running in caption2 v2.0 compatibility mode on input lin
e 215.
\captionlinewidth=\dimen128
\realcaptionwidth=\dimen129
Package caption2 Info: float package v1.2 (or newer) detected on input line 324
.
)
("C:\Program Files\MiKTeX 2.9\tex\latex\psnfss\times.sty"
Package: times 2005/04/12 PSNFSS-v9.2a (SPQR) 
)
\c@instn=\count134

("C:\Program Files\MiKTeX 2.9\tex\latex\titlesec\titlesec.sty"
Package: titlesec 2011/12/15 v2.10.0 Sectioning titles
\ttl@box=\box28
\beforetitleunit=\skip58
\aftertitleunit=\skip59
\ttl@plus=\dimen130
\ttl@minus=\dimen131
\ttl@toksa=\toks25
\titlewidth=\dimen132
\titlewidthlast=\dimen133
\titlewidthfirst=\dimen134
))
(C:\Users\Live\Desktop\Eclipse\sCerattiTGSI\secoes-artigo/identificacoa.tex)
(C:\Users\Live\Desktop\Eclipse\sCerattiTGSI\document.aux

LaTeX Warning: Label `tab:Nome_Da_Tabela' multiply defined.


LaTeX Warning: Label `tab:Nome_Da_Tabela' multiply defined.


LaTeX Warning: Label `tab:Nome_Da_Tabela' multiply defined.


LaTeX Warning: Label `figura10' multiply defined.


LaTeX Warning: Label `figura14' multiply defined.

)
LaTeX Font Info:    Checking defaults for OML/cmm/m/it on input line 32.
LaTeX Font Info:    ... okay on input line 32.
LaTeX Font Info:    Checking defaults for T1/cmr/m/n on input line 32.
LaTeX Font Info:    ... okay on input line 32.
LaTeX Font Info:    Checking defaults for OT1/cmr/m/n on input line 32.
LaTeX Font Info:    ... okay on input line 32.
LaTeX Font Info:    Checking defaults for OMS/cmsy/m/n on input line 32.
LaTeX Font Info:    ... okay on input line 32.
LaTeX Font Info:    Checking defaults for OMX/cmex/m/n on input line 32.
LaTeX Font Info:    ... okay on input line 32.
LaTeX Font Info:    Checking defaults for U/cmr/m/n on input line 32.
LaTeX Font Info:    ... okay on input line 32.
LaTeX Font Info:    Checking defaults for PD1/pdf/m/n on input line 32.
LaTeX Font Info:    ... okay on input line 32.
LaTeX Font Info:    Try loading font information for T1+ptm on input line 32.
 ("C:\Program Files\MiKTeX 2.9\tex\latex\psnfss\t1ptm.fd"
File: t1ptm.fd 2001/06/04 font definitions for T1/ptm.
)
("C:\Program Files\MiKTeX 2.9\tex\context\base\supp-pdf.mkii"
[Loading MPS to PDF converter (version 2006.09.02).]
\scratchcounter=\count135
\scratchdimen=\dimen135
\scratchbox=\box29
\nofMPsegments=\count136
\nofMParguments=\count137
\everyMPshowfont=\toks26
\MPscratchCnt=\count138
\MPscratchDim=\dimen136
\MPnumerator=\count139
\makeMPintoPDFobject=\count140
\everyMPtoPDFconversion=\toks27
)
\AtBeginShipoutBox=\box30
Package hyperref Info: Link coloring OFF on input line 32.
 ("C:\Program Files\MiKTeX 2.9\tex\latex\hyperref\nameref.sty"
Package: nameref 2012/10/27 v2.43 Cross-referencing by name of section

("C:\Program Files\MiKTeX 2.9\tex\generic\oberdiek\gettitlestring.sty"
Package: gettitlestring 2010/12/03 v1.4 Cleanup title references (HO)
)
\c@section@level=\count141
)
LaTeX Info: Redefining \ref on input line 32.
LaTeX Info: Redefining \pageref on input line 32.
LaTeX Info: Redefining \nameref on input line 32.

(C:\Users\Live\Desktop\Eclipse\sCerattiTGSI\document.out)
(C:\Users\Live\Desktop\Eclipse\sCerattiTGSI\document.out)
\@outlinefile=\write3

*geometry* driver: auto-detecting
*geometry* detected driver: pdftex
*geometry* verbose mode - [ preamble ] result:
* driver: pdftex
* paper: a4paper
* layout: <same size as paper>
* layoutoffset:(h,v)=(0.0pt,0.0pt)
* modes: 
* h-part:(L,W,R)=(85.35826pt, 426.79135pt, 85.35826pt)
* v-part:(T,H,B)=(99.58464pt, 674.33032pt, 71.13188pt)
* \paperwidth=597.50787pt
* \paperheight=845.04684pt
* \textwidth=426.79135pt
* \textheight=674.33032pt
* \oddsidemargin=13.08827pt
* \evensidemargin=13.08827pt
* \topmargin=-9.68535pt
* \headheight=12.0pt
* \headsep=25.0pt
* \topskip=12.0pt
* \footskip=30.0pt
* \marginparwidth=35.0pt
* \marginparsep=10.0pt
* \columnsep=10.0pt
* \skip\footins=10.8pt plus 4.0pt minus 2.0pt
* \hoffset=0.0pt
* \voffset=0.0pt
* \mag=1000
* \@twocolumnfalse
* \@twosidefalse
* \@mparswitchfalse
* \@reversemarginfalse
* (1in=72.27pt=25.4mm, 1cm=28.453pt)

Package caption Info: Begin \AtBeginDocument code.
Package caption Info: End \AtBeginDocument code.
LaTeX Font Info:    Font shape `T1/ptm/bx/n' in size <16> not available
(Font)              Font shape `T1/ptm/b/n' tried instead on input line 35.
LaTeX Font Info:    Font shape `T1/ptm/bx/n' in size <12> not available
(Font)              Font shape `T1/ptm/b/n' tried instead on input line 35.
LaTeX Font Info:    External font `cmex10' loaded for size
(Font)              <12> on input line 35.
LaTeX Font Info:    External font `cmex10' loaded for size
(Font)              <8> on input line 35.
LaTeX Font Info:    External font `cmex10' loaded for size
(Font)              <6> on input line 35.
LaTeX Font Info:    Try loading font information for T1+pcr on input line 35.
("C:\Program Files\MiKTeX 2.9\tex\latex\psnfss\t1pcr.fd"
File: t1pcr.fd 2001/06/04 font definitions for T1/pcr.
)
(C:\Users\Live\Desktop\Eclipse\sCerattiTGSI\secoes-artigo/abstract.tex
LaTeX Font Info:    Font shape `T1/ptm/bx/it' in size <12> not available
(Font)              Font shape `T1/ptm/b/it' tried instead on input line 1.
)
(C:\Users\Live\Desktop\Eclipse\sCerattiTGSI\secoes-artigo/resumo.tex)
(C:\Users\Live\Desktop\Eclipse\sCerattiTGSI\secoes-artigo/introducao.tex
LaTeX Font Info:    Font shape `T1/ptm/bx/n' in size <13> not available
(Font)              Font shape `T1/ptm/b/n' tried instead on input line 2.

[1

{C:/ProgramData/MiKTeX/2.9/pdftex/config/pdftex.map}]

LaTeX Warning: Reference `sec:citismart' on page 2 undefined on input line 45.


LaTeX Warning: Reference `sec:modeloProposto' on page 2 undefined on input line
 47.

)
(C:\Users\Live\Desktop\Eclipse\sCerattiTGSI\secoes-artigo/referencialTeorico.te
x [2]
LaTeX Font Info:    Try loading font information for OMS+ptm on input line 41.
 ("C:\Program Files\MiKTeX 2.9\tex\latex\psnfss\omsptm.fd"
File: omsptm.fd 
)
LaTeX Font Info:    Font shape `OMS/ptm/m/n' in size <12> not available
(Font)              Font shape `OMS/cmsy/m/n' tried instead on input line 41.
 [3] [4])
(C:\Users\Live\Desktop\Eclipse\sCerattiTGSI\secoes-artigo/modeloPropost.tex
[5] <figuras/ModeloGTI.jpg, id=131, 644.4075pt x 304.88907pt>
File: figuras/ModeloGTI.jpg Graphic file (type jpg)

<use figuras/ModeloGTI.jpg>
Package pdftex.def Info: figuras/ModeloGTI.jpg used on input line 62.
(pdftex.def)             Requested size: 322.20296pt x 152.44415pt.
LaTeX Font Info:    Try loading font information for T1+phv on input line 64.

("C:\Program Files\MiKTeX 2.9\tex\latex\psnfss\t1phv.fd"
File: t1phv.fd 2001/06/04 scalable font definitions for T1/phv.
)
LaTeX Font Info:    Font shape `T1/phv/bx/n' in size <10> not available
(Font)              Font shape `T1/phv/b/n' tried instead on input line 64.
 [6pdfTeX warning (ext4): destination with the same identifier (name{figure.1})
 has been already used, duplicate ignored

\AtBegShi@Output ...ipout \box \AtBeginShipoutBox 
                                                  \fi \fi 
l.95      \item A
                 provar: aprovar o portfólio proposto autorizando recursos e...
 <C:/Users/Live/Desktop/Eclipse/sCerattiTGSI/figuras/ModeloGTI.jpg>]
<figuras/fluxoAtividade.jpg, id=140, 677.53125pt x 886.81313pt>
File: figuras/fluxoAtividade.jpg Graphic file (type jpg)

<use figuras/fluxoAtividade.jpg>
Package pdftex.def Info: figuras/fluxoAtividade.jpg used on input line 113.
(pdftex.def)             Requested size: 271.00769pt x 354.71896pt.
 [7pdfTeX warning (ext4): destination with the same identifier (name{figure.2})
 has been already used, duplicate ignored

\AtBegShi@Output ...ipout \box \AtBeginShipoutBox 
                                                  \fi \fi 
l.125 
       <C:/Users/Live/Desktop/Eclipse/sCerattiTGSI/figuras/fluxoAtividade.jpg>]
(C:\Users\Live\Desktop\Eclipse\sCerattiTGSI\tabela/suportRedes.tex
LaTeX Font Info:    External font `cmex10' loaded for size
(Font)              <5> on input line 6.

Overfull \hbox (16.96982pt too wide) in paragraph at lines 6--32
 [][][] 
 []

) (C:\Users\Live\Desktop\Eclipse\sCerattiTGSI\tabela/suportSoft.tex
Overfull \hbox (40.72963pt too wide) in paragraph at lines 6--32
 [][][] 
 []

) [8pdfTeX warning (ext4): destination with the same identifier (name{table.1})
 has been already used, duplicate ignored

\AtBegShi@Output ...ipout \box \AtBeginShipoutBox 
                                                  \fi \fi 
l.177 
      ] (C:\Users\Live\Desktop\Eclipse\sCerattiTGSI\tabela/suportHard.tex
Overfull \hbox (70.30324pt too wide) in paragraph at lines 6--32
 [][][] 
 []

) (C:\Users\Live\Desktop\Eclipse\sCerattiTGSI\tabela/terceiro.tex
Overfull \hbox (27.39745pt too wide) in paragraph at lines 6--32
 [][][] 
 []

) [9pdfTeX warning (ext4): destination with the same identifier (name{table.2})
 has been already used, duplicate ignored

\AtBegShi@Output ...ipout \box \AtBeginShipoutBox 
                                                  \fi \fi 
l.225 
      pdfTeX warning (ext4): destination with the same identifier (name{table.3
}) has been already used, duplicate ignored

\AtBegShi@Output ...ipout \box \AtBeginShipoutBox 
                                                  \fi \fi 
l.225 
      pdfTeX warning (ext4): destination with the same identifier (name{table.4
}) has been already used, duplicate ignored

\AtBegShi@Output ...ipout \box \AtBeginShipoutBox 
                                                  \fi \fi 
l.225 
      ] <figuras/desen.jpg, id=168, 516.93124pt x 572.1375pt>
File: figuras/desen.jpg Graphic file (type jpg)

<use figuras/desen.jpg>
Package pdftex.def Info: figuras/desen.jpg used on input line 228.
(pdftex.def)             Requested size: 258.46498pt x 286.06804pt.
 [10pdfTeX warning (ext4): destination with the same identifier (name{figure.3}
) has been already used, duplicate ignored

\AtBegShi@Output ...ipout \box \AtBeginShipoutBox 
                                                  \fi \fi 
l.248 
       <C:/Users/Live/Desktop/Eclipse/sCerattiTGSI/figuras/desen.jpg>]
<figuras/tabela1.jpg, id=176, 653.44125pt x 639.38875pt>
File: figuras/tabela1.jpg Graphic file (type jpg)

<use figuras/tabela1.jpg>
Package pdftex.def Info: figuras/tabela1.jpg used on input line 261.
(pdftex.def)             Requested size: 457.40576pt x 447.56906pt.

Overfull \hbox (30.61441pt too wide) in paragraph at lines 261--262
 [][][] 
 []

(C:\Users\Live\Desktop\Eclipse\sCerattiTGSI\tabela/indicador.tex) [11pdfTeX war
ning (ext4): destination with the same identifier (name{figure.4}) has been alr
eady used, duplicate ignored

\AtBegShi@Output ...ipout \box \AtBeginShipoutBox 
                                                  \fi \fi 
l.279 
       <C:/Users/Live/Desktop/Eclipse/sCerattiTGSI/figuras/tabela1.jpg>])
(C:\Users\Live\Desktop\Eclipse\sCerattiTGSI\secoes-artigo/roteiroDeImplantacao.
tex [12pdfTeX warning (ext4): destination with the same identifier (name{table.
5}) has been already used, duplicate ignored

\AtBegShi@Output ...ipout \box \AtBeginShipoutBox 
                                                  \fi \fi 
l.32  \end{itemize}
                   ] <figuras/rotImpl.png, id=192, 505.89pt x 420.06938pt>
File: figuras/rotImpl.png Graphic file (type png)

<use figuras/rotImpl.png>
Package pdftex.def Info: figuras/rotImpl.png used on input line 61.
(pdftex.def)             Requested size: 303.53633pt x 252.04358pt.
 [13pdfTeX warning (ext4): destination with the same identifier (name{figure.5}
) has been already used, duplicate ignored

\AtBegShi@Output ...ipout \box \AtBeginShipoutBox 
                                                  \fi \fi 
l.79 \item I
            mplantar as ações de mudança: por em prática oque foi planejado; <C
:/Users/Live/Desktop/Eclipse/sCerattiTGSI/figuras/rotImpl.png>])
(C:\Users\Live\Desktop\Eclipse\sCerattiTGSI\secoes-artigo/citsmart.tex
<figuras/criaServico.jpg, id=203, 1357.07pt x 518.93875pt>
File: figuras/criaServico.jpg Graphic file (type jpg)

<use figuras/criaServico.jpg>
Package pdftex.def Info: figuras/criaServico.jpg used on input line 33.
(pdftex.def)             Requested size: 407.12415pt x 155.68282pt.
 [14pdfTeX warning (ext4): destination with the same identifier (name{figure.6}
) has been already used, duplicate ignored

\AtBegShi@Output ...ipout \box \AtBeginShipoutBox 
                                                  \fi \fi 
l.46 
      <C:/Users/Live/Desktop/Eclipse/sCerattiTGSI/figuras/criaServico.jpg>]
<figuras/cadastroRede.jpg, id=211, 1312.905pt x 421.575pt>
File: figuras/cadastroRede.jpg Graphic file (type jpg)

<use figuras/cadastroRede.jpg>
Package pdftex.def Info: figuras/cadastroRede.jpg used on input line 49.
(pdftex.def)             Requested size: 393.87454pt x 126.47346pt.

<figuras/cadastroSoftw.jpg, id=213, 1340.00626pt x 399.4925pt>
File: figuras/cadastroSoftw.jpg Graphic file (type jpg)

<use figuras/cadastroSoftw.jpg>
Package pdftex.def Info: figuras/cadastroSoftw.jpg used on input line 63.
(pdftex.def)             Requested size: 402.00497pt x 119.84866pt.

<figuras/solicitacao.jpg, id=215, 1271.75125pt x 606.265pt>
File: figuras/solicitacao.jpg Graphic file (type jpg)

<use figuras/solicitacao.jpg>
Package pdftex.def Info: figuras/solicitacao.jpg used on input line 77.
(pdftex.def)             Requested size: 508.6915pt x 242.5017pt.

Overfull \hbox (81.90015pt too wide) in paragraph at lines 77--78
 [][][] 
 []


Underfull \vbox (badness 6110) has occurred while \output is active []

 [15pdfTeX warning (ext4): destination with the same identifier (name{figure.7}
) has been already used, duplicate ignored

\AtBegShi@Output ...ipout \box \AtBeginShipoutBox 
                                                  \fi \fi 
l.81 
     pdfTeX warning (ext4): destination with the same identifier (name{figure.8
}) has been already used, duplicate ignored

\AtBegShi@Output ...ipout \box \AtBeginShipoutBox 
                                                  \fi \fi 
l.81 
      <C:/Users/Live/Desktop/Eclipse/sCerattiTGSI/figuras/cadastroRede.jpg> <C:
/Users/Live/Desktop/Eclipse/sCerattiTGSI/figuras/cadastroSoftw.jpg>]
<figuras/solicitaPrio.jpg, id=224, 977.15062pt x 421.575pt>
File: figuras/solicitaPrio.jpg Graphic file (type jpg)

<use figuras/solicitaPrio.jpg>
Package pdftex.def Info: figuras/solicitaPrio.jpg used on input line 91.
(pdftex.def)             Requested size: 390.85332pt x 168.627pt.
 [16pdfTeX warning (ext4): destination with the same identifier (name{figure.9}
) has been already used, duplicate ignored

\AtBegShi@Output ...ipout \box \AtBeginShipoutBox 
                                                  \fi \fi 
l.106 
      pdfTeX warning (ext4): destination with the same identifier (name{figure.
10}) has been already used, duplicate ignored

\AtBegShi@Output ...ipout \box \AtBeginShipoutBox 
                                                  \fi \fi 
l.106 
       <C:/Users/Live/Desktop/Eclipse/sCerattiTGSI/figuras/solicitacao.jpg> <C:
/Users/Live/Desktop/Eclipse/sCerattiTGSI/figuras/solicitaPrio.jpg>])
(C:\Users\Live\Desktop\Eclipse\sCerattiTGSI\secoes-artigo/analise.tex [17]
<figuras/questao11.jpg, id=238, 396.7322pt x 210.03468pt>
File: figuras/questao11.jpg Graphic file (type jpg)

<use figuras/questao11.jpg>
Package pdftex.def Info: figuras/questao11.jpg used on input line 63.
(pdftex.def)             Requested size: 277.71063pt x 147.02327pt.
 [18pdfTeX warning (ext4): destination with the same identifier (name{figure.11
}) has been already used, duplicate ignored

\AtBegShi@Output ...ipout \box \AtBeginShipoutBox 
                                                  \fi \fi 
l.75 \item \textit
                  {''Suporte''}, obteve 59 respostas onde 8 pessoas responderam
 <C:/Users/Live/Desktop/Eclipse/sCerattiTGSI/figuras/questao11.jpg>]
<figuras/questao22.jpg, id=244, 423.83344pt x 192.72pt>
File: figuras/questao22.jpg Graphic file (type jpg)

<use figuras/questao22.jpg>
Package pdftex.def Info: figuras/questao22.jpg used on input line 91.
(pdftex.def)             Requested size: 296.68137pt x 134.90306pt.

<figuras/questao33.jpg, id=246, 381.67593pt x 198.7425pt>
File: figuras/questao33.jpg Graphic file (type jpg)

<use figuras/questao33.jpg>
Package pdftex.def Info: figuras/questao33.jpg used on input line 119.
(pdftex.def)             Requested size: 267.17133pt x 139.11879pt.
 [19pdfTeX warning (ext4): destination with the same identifier (name{figure.12
}) has been already used, duplicate ignored

\AtBegShi@Output ...ipout \box \AtBeginShipoutBox 
                                                  \fi \fi 
l.123 A
        Figura ~\ref{figura12} está resumindo os dados relacionados a infrae...
 <C:/Users/Live/Desktop/Eclipse/sCerattiTGSI/figuras/questao22.jpg>]
<figuras/questao6.jpg, id=254, 264.99pt x 118.94438pt>
File: figuras/questao6.jpg Graphic file (type jpg)

<use figuras/questao6.jpg>
Package pdftex.def Info: figuras/questao6.jpg used on input line 159.
(pdftex.def)             Requested size: 185.49173pt x 83.26048pt.

Underfull \vbox (badness 10000) has occurred while \output is active []

 [20pdfTeX warning (ext4): destination with the same identifier (name{figure.13
}) has been already used, duplicate ignored

\AtBegShi@Output ...ipout \box \AtBeginShipoutBox 
                                                  \fi \fi 
l.163 A
        Figura ~\ref{figura13} ilustra resumidamente a opinião da cominidade <C
:/Users/Live/Desktop/Eclipse/sCerattiTGSI/figuras/questao33.jpg>]
<figuras/questao8.jpg, id=261, 290.58563pt x 119.69719pt>
File: figuras/questao8.jpg Graphic file (type jpg)

<use figuras/questao8.jpg>
Package pdftex.def Info: figuras/questao8.jpg used on input line 181.
(pdftex.def)             Requested size: 203.40854pt x 83.78745pt.
)
(C:\Users\Live\Desktop\Eclipse\sCerattiTGSI\secoes-artigo/trabalhosRelacionados
.tex [21pdfTeX warning (ext4): destination with the same identifier (name{figur
e.14}) has been already used, duplicate ignored

\AtBegShi@Output ...ipout \box \AtBeginShipoutBox 
                                                  \fi \fi 
l.34 
     pdfTeX warning (ext4): destination with the same identifier (name{figure.1
5}) has been already used, duplicate ignored

\AtBegShi@Output ...ipout \box \AtBeginShipoutBox 
                                                  \fi \fi 
l.34 
      <C:/Users/Live/Desktop/Eclipse/sCerattiTGSI/figuras/questao6.jpg> <C:/Use
rs/Live/Desktop/Eclipse/sCerattiTGSI/figuras/questao8.jpg>]
Underfull \vbox (badness 10000) has occurred while \output is active []

 [22])
(C:\Users\Live\Desktop\Eclipse\sCerattiTGSI\secoes-artigo/conclusoes.tex
[23]) (C:\Users\Live\Desktop\Eclipse\sCerattiTGSI\document.bbl
Underfull \hbox (badness 10000) in paragraph at lines 10--14
[][]\T1/ptm/m/n/12 Citsmart (2015).  Cits-mart: In-tel-li-gent go-ver-nance.  D
is-po-ní-vel em:
 []

[24])
Package atveryend Info: Empty hook `BeforeClearDocument' on input line 77.
 [25]
Package atveryend Info: Empty hook `AfterLastShipout' on input line 77.
 (C:\Users\Live\Desktop\Eclipse\sCerattiTGSI\document.aux)
Package atveryend Info: Executing hook `AtVeryEndDocument' on input line 77.
Package atveryend Info: Executing hook `AtEndAfterFileList' on input line 77.
Package rerunfilecheck Info: File `document.out' has not changed.
(rerunfilecheck)             Checksum: B8A73AB98FC4362F78FACE968C2D38EC;1304.


LaTeX Warning: There were undefined references.


LaTeX Warning: There were multiply-defined labels.

Package atveryend Info: Empty hook `AtVeryVeryEnd' on input line 77.
 ) 
Here is how much of TeX's memory you used:
 9103 strings out of 493921
 132861 string characters out of 3147285
 245619 words of memory out of 3000000
 12114 multiletter control sequences out of 15000+200000
 38364 words of font info for 47 fonts, out of 3000000 for 9000
 841 hyphenation exceptions out of 8191
 43i,9n,43p,1024b,432s stack positions out of 5000i,500n,10000p,200000b,50000s
pdfTeX warning (dest): name{cite.Masson} has been referenced but does not exi
st, replaced by a fixed one

pdfTeX warning (dest): name{cite.Morais} has been referenced but does not exist
, replaced by a fixed one

pdfTeX warning (dest): name{cite.Neves} has been referenced but does not exist,
 replaced by a fixed one

pdfTeX warning (dest): name{cite.Citsmart} has been referenced but does not exi
st, replaced by a fixed one

pdfTeX warning (dest): name{cite.J} has been referenced but does not exist, rep
laced by a fixed one

pdfTeX warning (dest): name{cite.ITIL2} has been referenced but does not exist,
 replaced by a fixed one

pdfTeX warning (dest): name{cite.ITIL} has been referenced but does not exist, 
replaced by a fixed one

pdfTeX warning (dest): name{cite.Baldin} has been referenced but does not exist
, replaced by a fixed one

pdfTeX warning (dest): name{cite.Cobit} has been referenced but does not exist,
 replaced by a fixed one

pdfTeX warning (dest): name{cite.R} has been referenced but does not exist, rep
laced by a fixed one

pdfTeX warning (dest): name{cite.Mancini} has been referenced but does not exis
t, replaced by a fixed one

pdfTeX warning (dest): name{cite.iso} has been referenced but does not exist, r
eplaced by a fixed one

pdfTeX warning (dest): name{cite.f} has been referenced but does not exist, rep
laced by a fixed one

{C:/Program Files/MiKTeX 2.9/fonts/enc/dvips/fontname/8r.enc}<C:/Program Files/
MiKTeX 2.9/fonts/type1/public/amsfonts/cm/cmr8.pfb><C:/Program Files/MiKTeX 2.9
/fonts/type1/public/amsfonts/cm/cmsy10.pfb><C:/Program Files/MiKTeX 2.9/fonts/t
ype1/urw/courier/ucrr8a.pfb><C:/Program Files/MiKTeX 2.9/fonts/type1/urw/helvet
ic/uhvb8a.pfb><C:/Program Files/MiKTeX 2.9/fonts/type1/urw/times/utmb8a.pfb><C:
/Program Files/MiKTeX 2.9/fonts/type1/urw/times/utmbi8a.pfb><C:/Program Files/M
iKTeX 2.9/fonts/type1/urw/times/utmr8a.pfb><C:/Program Files/MiKTeX 2.9/fonts/t
ype1/urw/times/utmri8a.pfb>
Output written on document.pdf (25 pages, 1196535 bytes).
PDF statistics:
 338 PDF objects out of 1000 (max. 8388607)
 76 named destinations out of 1000 (max. 500000)
 212 words of extra memory for PDF output out of 10000 (max. 10000000)

